have_func: checking for rb_category_warn()... -------------------- yes

PATH=".;G:/Ruby32-x64/lib;G:\Ruby32-x64\bin;G:\Ruby32-x64\msys64\ucrt64\bin;G:\Ruby32-x64\msys64\usr\bin;C:\Python313\Scripts\;C:\Python313\;C:\Program Files\Eclipse Adoptium\jdk-17.0.15.6-hotspot\bin;C:\Python312\Scripts\;C:\Python312\;C:\Program Files (x86)\Common Files\Intel\Shared Libraries\redist\ia32\compiler;C:\Program Files (x86)\Common Files\Intel\Shared Libraries\redist\intel64\compiler;C:\Program Files\Microsoft MPI\Bin\;C:\Program Files (x86)\Common Files\Oracle\Java\javapath;C:\Program Files\Rockwell Software\RSCommon;C:\WINDOWS\system32;C:\WINDOWS;C:\WINDOWS\System32\Wbem;C:\WINDOWS\System32\WindowsPowerShell\v1.0\;C:\WINDOWS\System32\OpenSSH\;C:\Program Files (x86)\Microsoft SQL Server\160\DTS\Binn\;C:\Program Files\Azure Data Studio\bin;C:\Program Files (x86)\Microsoft SQL Server\130\Tools\Binn\;C:\Program Files\Microsoft SQL Server\130\Tools\Binn\;C:\Program Files (x86)\Microsoft SQL Server\130\DTS\Binn\;C:\Program Files\Microsoft SQL Server\130\DTS\Binn\;C:\Program Files\Microsoft SQL Server\Client SDK\ODBC\130\Tools\Binn\;C:\ProgramData\chocolatey\bin;C:\Program Files\PuTTY\;C:\Program Files\dotnet\;C:\Program Files\Git\cmd;C:\ProgramData\chocolatey\lib\maven\apache-maven-3.9.9\bin;C:\Users\Bobi\AppData\Roaming\nvm;C:\Program Files\nodejs;C:\Program Files\PostgreSQL\17\bin;C:\Program Files\Docker\Docker\resources\bin;C:\Program Files\nodejs\;C:\Program Files\GitHub CLI\;C:\Users\Bobi\AppData\Local\Programs\Python\Python311\Scripts\;C:\Users\Bobi\AppData\Local\Programs\Python\Python311\;C:\Users\Bobi\.cargo\bin;G:\Ruby32-x64\bin;C:\ProgramData\rvm\wrapper;C:\Program Files\MySQL\MySQL Shell 8.0\bin\;C:\Ruby32-x64\bin;C:\Users\Bobi\AppData\Local\Microsoft\WindowsApps;C:\Users\Bobi\AppData\Local\Programs\Microsoft VS Code\bin;C:\Users\Bobi\AppData\Roaming\TinyTeX\bin\win32;H:\HashTag\Aulas_ernani_todas\php-8.2.6-nts-Win32-vs16-x64;C:\Users\Bobi\Desktop\php-8.2.6-nts-Win32-vs16-x64(1);C:\Users\Bobi\AppData\Local\Programs\cursor\resources\app\bin;C:\Users\Bobi\AppData\Local\Programs\Windsurf\bin;C:\Users\Bobi\AppData\Local\Microsoft\WinGet\Packages\Schniz.fnm_Microsoft.Winget.Source_8wekyb3d8bbwe;C:\Users\Bobi\AppData\Roaming\fnm;C:\Users\Bobi\AppData\Roaming\fnm;C:\Users\Bobi\AppData\Local\reflex\bun\bin;C:\Users\Bobi\AppData\Roaming\npm;C:\Users\Bobi\.local\share\gem\ruby\3.2.0\bin" "gcc -o conftest.exe -IG:/Ruby32-x64/include/ruby-3.2.0/x64-mingw-ucrt -IG:/Ruby32-x64/include/ruby-3.2.0/ruby/backward -IG:/Ruby32-x64/include/ruby-3.2.0 -I. -D__USE_MINGW_ANSI_STDIO=1 -DFD_SETSIZE=2048 -D_WIN32_WINNT=0x0600 -D__MINGW_USE_VC2005_COMPAT -D_FILE_OFFSET_BITS=64  -O3 -fno-fast-math -fstack-protector-strong conftest.c  -L. -LG:/Ruby32-x64/lib -L. -pipe -s -fstack-protector-strong -Wl,--no-as-needed  -m64   -lx64-ucrt-ruby320  -lshell32 -lws2_32 -liphlpapi -limagehlp -lshlwapi -lbcrypt  "
checked program was:
/* begin */
1: #include "ruby.h"
2: 
3: #include <winsock2.h>
4: #include <windows.h>
5: int main(int argc, char **argv)
6: {
7:   return !!argv[argc];
8: }
/* end */

PATH=".;G:/Ruby32-x64/lib;G:\Ruby32-x64\bin;G:\Ruby32-x64\msys64\ucrt64\bin;G:\Ruby32-x64\msys64\usr\bin;C:\Python313\Scripts\;C:\Python313\;C:\Program Files\Eclipse Adoptium\jdk-17.0.15.6-hotspot\bin;C:\Python312\Scripts\;C:\Python312\;C:\Program Files (x86)\Common Files\Intel\Shared Libraries\redist\ia32\compiler;C:\Program Files (x86)\Common Files\Intel\Shared Libraries\redist\intel64\compiler;C:\Program Files\Microsoft MPI\Bin\;C:\Program Files (x86)\Common Files\Oracle\Java\javapath;C:\Program Files\Rockwell Software\RSCommon;C:\WINDOWS\system32;C:\WINDOWS;C:\WINDOWS\System32\Wbem;C:\WINDOWS\System32\WindowsPowerShell\v1.0\;C:\WINDOWS\System32\OpenSSH\;C:\Program Files (x86)\Microsoft SQL Server\160\DTS\Binn\;C:\Program Files\Azure Data Studio\bin;C:\Program Files (x86)\Microsoft SQL Server\130\Tools\Binn\;C:\Program Files\Microsoft SQL Server\130\Tools\Binn\;C:\Program Files (x86)\Microsoft SQL Server\130\DTS\Binn\;C:\Program Files\Microsoft SQL Server\130\DTS\Binn\;C:\Program Files\Microsoft SQL Server\Client SDK\ODBC\130\Tools\Binn\;C:\ProgramData\chocolatey\bin;C:\Program Files\PuTTY\;C:\Program Files\dotnet\;C:\Program Files\Git\cmd;C:\ProgramData\chocolatey\lib\maven\apache-maven-3.9.9\bin;C:\Users\Bobi\AppData\Roaming\nvm;C:\Program Files\nodejs;C:\Program Files\PostgreSQL\17\bin;C:\Program Files\Docker\Docker\resources\bin;C:\Program Files\nodejs\;C:\Program Files\GitHub CLI\;C:\Users\Bobi\AppData\Local\Programs\Python\Python311\Scripts\;C:\Users\Bobi\AppData\Local\Programs\Python\Python311\;C:\Users\Bobi\.cargo\bin;G:\Ruby32-x64\bin;C:\ProgramData\rvm\wrapper;C:\Program Files\MySQL\MySQL Shell 8.0\bin\;C:\Ruby32-x64\bin;C:\Users\Bobi\AppData\Local\Microsoft\WindowsApps;C:\Users\Bobi\AppData\Local\Programs\Microsoft VS Code\bin;C:\Users\Bobi\AppData\Roaming\TinyTeX\bin\win32;H:\HashTag\Aulas_ernani_todas\php-8.2.6-nts-Win32-vs16-x64;C:\Users\Bobi\Desktop\php-8.2.6-nts-Win32-vs16-x64(1);C:\Users\Bobi\AppData\Local\Programs\cursor\resources\app\bin;C:\Users\Bobi\AppData\Local\Programs\Windsurf\bin;C:\Users\Bobi\AppData\Local\Microsoft\WinGet\Packages\Schniz.fnm_Microsoft.Winget.Source_8wekyb3d8bbwe;C:\Users\Bobi\AppData\Roaming\fnm;C:\Users\Bobi\AppData\Roaming\fnm;C:\Users\Bobi\AppData\Local\reflex\bun\bin;C:\Users\Bobi\AppData\Roaming\npm;C:\Users\Bobi\.local\share\gem\ruby\3.2.0\bin" "gcc -o conftest.exe -IG:/Ruby32-x64/include/ruby-3.2.0/x64-mingw-ucrt -IG:/Ruby32-x64/include/ruby-3.2.0/ruby/backward -IG:/Ruby32-x64/include/ruby-3.2.0 -I. -D__USE_MINGW_ANSI_STDIO=1 -DFD_SETSIZE=2048 -D_WIN32_WINNT=0x0600 -D__MINGW_USE_VC2005_COMPAT -D_FILE_OFFSET_BITS=64  -O3 -fno-fast-math -fstack-protector-strong conftest.c  -L. -LG:/Ruby32-x64/lib -L. -pipe -s -fstack-protector-strong -Wl,--no-as-needed  -m64   -lx64-ucrt-ruby320  -lshell32 -lws2_32 -liphlpapi -limagehlp -lshlwapi -lbcrypt  "
checked program was:
/* begin */
 1: #include "ruby.h"
 2: 
 3: #include <winsock2.h>
 4: #include <windows.h>
 5: 
 6: /*top*/
 7: extern int t(void);
 8: int main(int argc, char **argv)
 9: {
10:   if (argc > 1000000) {
11:     int (* volatile tp)(void)=(int (*)(void))&t;
12:     printf("%d", (*tp)());
13:   }
14: 
15:   return !!argv[argc];
16: }
17: int t(void) { void ((*volatile p)()); p = (void ((*)()))rb_category_warn; return !p; }
/* end */

--------------------

have_var: checking for timezone in time.h with  -Werror... -------------------- no

PATH=".;G:/Ruby32-x64/lib;G:\Ruby32-x64\bin;G:\Ruby32-x64\msys64\ucrt64\bin;G:\Ruby32-x64\msys64\usr\bin;C:\Python313\Scripts\;C:\Python313\;C:\Program Files\Eclipse Adoptium\jdk-17.0.15.6-hotspot\bin;C:\Python312\Scripts\;C:\Python312\;C:\Program Files (x86)\Common Files\Intel\Shared Libraries\redist\ia32\compiler;C:\Program Files (x86)\Common Files\Intel\Shared Libraries\redist\intel64\compiler;C:\Program Files\Microsoft MPI\Bin\;C:\Program Files (x86)\Common Files\Oracle\Java\javapath;C:\Program Files\Rockwell Software\RSCommon;C:\WINDOWS\system32;C:\WINDOWS;C:\WINDOWS\System32\Wbem;C:\WINDOWS\System32\WindowsPowerShell\v1.0\;C:\WINDOWS\System32\OpenSSH\;C:\Program Files (x86)\Microsoft SQL Server\160\DTS\Binn\;C:\Program Files\Azure Data Studio\bin;C:\Program Files (x86)\Microsoft SQL Server\130\Tools\Binn\;C:\Program Files\Microsoft SQL Server\130\Tools\Binn\;C:\Program Files (x86)\Microsoft SQL Server\130\DTS\Binn\;C:\Program Files\Microsoft SQL Server\130\DTS\Binn\;C:\Program Files\Microsoft SQL Server\Client SDK\ODBC\130\Tools\Binn\;C:\ProgramData\chocolatey\bin;C:\Program Files\PuTTY\;C:\Program Files\dotnet\;C:\Program Files\Git\cmd;C:\ProgramData\chocolatey\lib\maven\apache-maven-3.9.9\bin;C:\Users\Bobi\AppData\Roaming\nvm;C:\Program Files\nodejs;C:\Program Files\PostgreSQL\17\bin;C:\Program Files\Docker\Docker\resources\bin;C:\Program Files\nodejs\;C:\Program Files\GitHub CLI\;C:\Users\Bobi\AppData\Local\Programs\Python\Python311\Scripts\;C:\Users\Bobi\AppData\Local\Programs\Python\Python311\;C:\Users\Bobi\.cargo\bin;G:\Ruby32-x64\bin;C:\ProgramData\rvm\wrapper;C:\Program Files\MySQL\MySQL Shell 8.0\bin\;C:\Ruby32-x64\bin;C:\Users\Bobi\AppData\Local\Microsoft\WindowsApps;C:\Users\Bobi\AppData\Local\Programs\Microsoft VS Code\bin;C:\Users\Bobi\AppData\Roaming\TinyTeX\bin\win32;H:\HashTag\Aulas_ernani_todas\php-8.2.6-nts-Win32-vs16-x64;C:\Users\Bobi\Desktop\php-8.2.6-nts-Win32-vs16-x64(1);C:\Users\Bobi\AppData\Local\Programs\cursor\resources\app\bin;C:\Users\Bobi\AppData\Local\Programs\Windsurf\bin;C:\Users\Bobi\AppData\Local\Microsoft\WinGet\Packages\Schniz.fnm_Microsoft.Winget.Source_8wekyb3d8bbwe;C:\Users\Bobi\AppData\Roaming\fnm;C:\Users\Bobi\AppData\Roaming\fnm;C:\Users\Bobi\AppData\Local\reflex\bun\bin;C:\Users\Bobi\AppData\Roaming\npm;C:\Users\Bobi\.local\share\gem\ruby\3.2.0\bin" "gcc -IG:/Ruby32-x64/include/ruby-3.2.0/x64-mingw-ucrt -IG:/Ruby32-x64/include/ruby-3.2.0/ruby/backward -IG:/Ruby32-x64/include/ruby-3.2.0 -I. -D__USE_MINGW_ANSI_STDIO=1 -DFD_SETSIZE=2048 -D_WIN32_WINNT=0x0600 -D__MINGW_USE_VC2005_COMPAT -D_FILE_OFFSET_BITS=64  -O3 -fno-fast-math -fstack-protector-strong -m64  -Werror -c conftest.c"
conftest.c: In function 't':
conftest.c:18:1: error: 'timezone' is deprecated: Only provided for source compatibility; this variable might not always be accurate when linking to UCRT. [-Werror=deprecated-declarations]
   18 | int t(void) { const volatile void *volatile p; p = &(&timezone)[0]; return !p; }
      | ^~~
In file included from G:/Ruby32-x64/msys64/ucrt64/include/iptypes.h:16,
                 from G:/Ruby32-x64/msys64/ucrt64/include/iphlpapi.h:17,
                 from G:/Ruby32-x64/include/ruby-3.2.0/ruby/win32.h:39,
                 from G:/Ruby32-x64/include/ruby-3.2.0/ruby/internal/dosish.h:38,
                 from G:/Ruby32-x64/include/ruby-3.2.0/ruby/defines.h:78,
                 from G:/Ruby32-x64/include/ruby-3.2.0/ruby/ruby.h:25,
                 from G:/Ruby32-x64/include/ruby-3.2.0/ruby.h:38,
                 from conftest.c:1:
G:/Ruby32-x64/msys64/ucrt64/include/time.h:286:23: note: declared here
  286 |   _CRTIMP extern long timezone __MINGW_ATTRIB_DEPRECATED_UCRT;
      |                       ^~~~~~~~
cc1.exe: all warnings being treated as errors
checked program was:
/* begin */
 1: #include "ruby.h"
 2: 
 3: #include <winsock2.h>
 4: #include <windows.h>
 5: #include <time.h>
 6: 
 7: /*top*/
 8: extern int t(void);
 9: int main(int argc, char **argv)
10: {
11:   if (argc > 1000000) {
12:     int (* volatile tp)(void)=(int (*)(void))&t;
13:     printf("%d", (*tp)());
14:   }
15: 
16:   return !!argv[argc];
17: }
18: int t(void) { const volatile void *volatile p; p = &(&timezone)[0]; return !p; }
/* end */

--------------------

have_var: checking for altzone in time.h with  -Werror... -------------------- no

PATH=".;G:/Ruby32-x64/lib;G:\Ruby32-x64\bin;G:\Ruby32-x64\msys64\ucrt64\bin;G:\Ruby32-x64\msys64\usr\bin;C:\Python313\Scripts\;C:\Python313\;C:\Program Files\Eclipse Adoptium\jdk-17.0.15.6-hotspot\bin;C:\Python312\Scripts\;C:\Python312\;C:\Program Files (x86)\Common Files\Intel\Shared Libraries\redist\ia32\compiler;C:\Program Files (x86)\Common Files\Intel\Shared Libraries\redist\intel64\compiler;C:\Program Files\Microsoft MPI\Bin\;C:\Program Files (x86)\Common Files\Oracle\Java\javapath;C:\Program Files\Rockwell Software\RSCommon;C:\WINDOWS\system32;C:\WINDOWS;C:\WINDOWS\System32\Wbem;C:\WINDOWS\System32\WindowsPowerShell\v1.0\;C:\WINDOWS\System32\OpenSSH\;C:\Program Files (x86)\Microsoft SQL Server\160\DTS\Binn\;C:\Program Files\Azure Data Studio\bin;C:\Program Files (x86)\Microsoft SQL Server\130\Tools\Binn\;C:\Program Files\Microsoft SQL Server\130\Tools\Binn\;C:\Program Files (x86)\Microsoft SQL Server\130\DTS\Binn\;C:\Program Files\Microsoft SQL Server\130\DTS\Binn\;C:\Program Files\Microsoft SQL Server\Client SDK\ODBC\130\Tools\Binn\;C:\ProgramData\chocolatey\bin;C:\Program Files\PuTTY\;C:\Program Files\dotnet\;C:\Program Files\Git\cmd;C:\ProgramData\chocolatey\lib\maven\apache-maven-3.9.9\bin;C:\Users\Bobi\AppData\Roaming\nvm;C:\Program Files\nodejs;C:\Program Files\PostgreSQL\17\bin;C:\Program Files\Docker\Docker\resources\bin;C:\Program Files\nodejs\;C:\Program Files\GitHub CLI\;C:\Users\Bobi\AppData\Local\Programs\Python\Python311\Scripts\;C:\Users\Bobi\AppData\Local\Programs\Python\Python311\;C:\Users\Bobi\.cargo\bin;G:\Ruby32-x64\bin;C:\ProgramData\rvm\wrapper;C:\Program Files\MySQL\MySQL Shell 8.0\bin\;C:\Ruby32-x64\bin;C:\Users\Bobi\AppData\Local\Microsoft\WindowsApps;C:\Users\Bobi\AppData\Local\Programs\Microsoft VS Code\bin;C:\Users\Bobi\AppData\Roaming\TinyTeX\bin\win32;H:\HashTag\Aulas_ernani_todas\php-8.2.6-nts-Win32-vs16-x64;C:\Users\Bobi\Desktop\php-8.2.6-nts-Win32-vs16-x64(1);C:\Users\Bobi\AppData\Local\Programs\cursor\resources\app\bin;C:\Users\Bobi\AppData\Local\Programs\Windsurf\bin;C:\Users\Bobi\AppData\Local\Microsoft\WinGet\Packages\Schniz.fnm_Microsoft.Winget.Source_8wekyb3d8bbwe;C:\Users\Bobi\AppData\Roaming\fnm;C:\Users\Bobi\AppData\Roaming\fnm;C:\Users\Bobi\AppData\Local\reflex\bun\bin;C:\Users\Bobi\AppData\Roaming\npm;C:\Users\Bobi\.local\share\gem\ruby\3.2.0\bin" "gcc -IG:/Ruby32-x64/include/ruby-3.2.0/x64-mingw-ucrt -IG:/Ruby32-x64/include/ruby-3.2.0/ruby/backward -IG:/Ruby32-x64/include/ruby-3.2.0 -I. -D__USE_MINGW_ANSI_STDIO=1 -DFD_SETSIZE=2048 -D_WIN32_WINNT=0x0600 -D__MINGW_USE_VC2005_COMPAT -D_FILE_OFFSET_BITS=64  -O3 -fno-fast-math -fstack-protector-strong -m64  -Werror -c conftest.c"
conftest.c: In function 't':
conftest.c:18:55: error: 'altzone' undeclared (first use in this function)
   18 | int t(void) { const volatile void *volatile p; p = &(&altzone)[0]; return !p; }
      |                                                       ^~~~~~~
conftest.c:18:55: note: each undeclared identifier is reported only once for each function it appears in
checked program was:
/* begin */
 1: #include "ruby.h"
 2: 
 3: #include <winsock2.h>
 4: #include <windows.h>
 5: #include <time.h>
 6: 
 7: /*top*/
 8: extern int t(void);
 9: int main(int argc, char **argv)
10: {
11:   if (argc > 1000000) {
12:     int (* volatile tp)(void)=(int (*)(void))&t;
13:     printf("%d", (*tp)());
14:   }
15: 
16:   return !!argv[argc];
17: }
18: int t(void) { const volatile void *volatile p; p = &(&altzone)[0]; return !p; }
/* end */

--------------------

