have_func: checking for fdatasync() in unistd.h... -------------------- no

PATH=".;G:/Ruby32-x64/lib;G:\Ruby32-x64\bin;G:\Ruby32-x64\msys64\ucrt64\bin;G:\Ruby32-x64\msys64\usr\bin;C:\Python313\Scripts\;C:\Python313\;C:\Program Files\Eclipse Adoptium\jdk-17.0.15.6-hotspot\bin;C:\Python312\Scripts\;C:\Python312\;C:\Program Files (x86)\Common Files\Intel\Shared Libraries\redist\ia32\compiler;C:\Program Files (x86)\Common Files\Intel\Shared Libraries\redist\intel64\compiler;C:\Program Files\Microsoft MPI\Bin\;C:\Program Files (x86)\Common Files\Oracle\Java\javapath;C:\Program Files\Rockwell Software\RSCommon;C:\WINDOWS\system32;C:\WINDOWS;C:\WINDOWS\System32\Wbem;C:\WINDOWS\System32\WindowsPowerShell\v1.0\;C:\WINDOWS\System32\OpenSSH\;C:\Program Files (x86)\Microsoft SQL Server\160\DTS\Binn\;C:\Program Files\Azure Data Studio\bin;C:\Program Files (x86)\Microsoft SQL Server\130\Tools\Binn\;C:\Program Files\Microsoft SQL Server\130\Tools\Binn\;C:\Program Files (x86)\Microsoft SQL Server\130\DTS\Binn\;C:\Program Files\Microsoft SQL Server\130\DTS\Binn\;C:\Program Files\Microsoft SQL Server\Client SDK\ODBC\130\Tools\Binn\;C:\ProgramData\chocolatey\bin;C:\Program Files\PuTTY\;C:\Program Files\dotnet\;C:\Program Files\Git\cmd;C:\ProgramData\chocolatey\lib\maven\apache-maven-3.9.9\bin;C:\Users\Bobi\AppData\Roaming\nvm;C:\Program Files\nodejs;C:\Program Files\PostgreSQL\17\bin;C:\Program Files\Docker\Docker\resources\bin;C:\Program Files\nodejs\;C:\Program Files\GitHub CLI\;C:\Users\Bobi\AppData\Local\Programs\Python\Python311\Scripts\;C:\Users\Bobi\AppData\Local\Programs\Python\Python311\;C:\Users\Bobi\.cargo\bin;G:\Ruby32-x64\bin;C:\ProgramData\rvm\wrapper;C:\Program Files\MySQL\MySQL Shell 8.0\bin\;C:\Ruby32-x64\bin;C:\Users\Bobi\AppData\Local\Microsoft\WindowsApps;C:\Users\Bobi\AppData\Local\Programs\Microsoft VS Code\bin;C:\Users\Bobi\AppData\Roaming\TinyTeX\bin\win32;H:\HashTag\Aulas_ernani_todas\php-8.2.6-nts-Win32-vs16-x64;C:\Users\Bobi\Desktop\php-8.2.6-nts-Win32-vs16-x64(1);C:\Program Files\Azure Data Studio\bin;C:\Users\Bobi\AppData\Local\Programs\cursor\resources\app\bin;C:\Users\Bobi\AppData\Local\Programs\Windsurf\bin;C:\Program Files\PostgreSQL\17\bin;C:\Users\Bobi\AppData\Local\Microsoft\WinGet\Packages\Schniz.fnm_Microsoft.Winget.Source_8wekyb3d8bbwe;C:\Users\Bobi\AppData\Roaming\fnm;C:\Users\Bobi\AppData\Roaming\fnm;C:\Users\Bobi\AppData\Roaming\nvm;C:\Program Files\nodejs;C:\Users\Bobi\AppData\Local\reflex\bun\bin;C:\Users\Bobi\AppData\Roaming\npm;c:\Users\Bobi\AppData\Roaming\Code\User\globalStorage\github.copilot-chat\debugCommand;C:\Users\Bobi\.local\share\gem\ruby\3.2.0\bin" "gcc -o conftest.exe -IG:/Ruby32-x64/include/ruby-3.2.0/x64-mingw-ucrt -IG:/Ruby32-x64/include/ruby-3.2.0/ruby/backward -IG:/Ruby32-x64/include/ruby-3.2.0 -I. -D__USE_MINGW_ANSI_STDIO=1 -DFD_SETSIZE=2048 -D_WIN32_WINNT=0x0600 -D__MINGW_USE_VC2005_COMPAT -D_FILE_OFFSET_BITS=64  -O3 -fno-fast-math -fstack-protector-strong conftest.c  -L. -LG:/Ruby32-x64/lib -L. -pipe -s -fstack-protector-strong -Wl,--no-as-needed  -m64   -lx64-ucrt-ruby320  -lshell32 -lws2_32 -liphlpapi -limagehlp -lshlwapi -lbcrypt  "
checked program was:
/* begin */
1: #include "ruby.h"
2: 
3: #include <winsock2.h>
4: #include <windows.h>
5: int main(int argc, char **argv)
6: {
7:   return !!argv[argc];
8: }
/* end */

PATH=".;G:/Ruby32-x64/lib;G:\Ruby32-x64\bin;G:\Ruby32-x64\msys64\ucrt64\bin;G:\Ruby32-x64\msys64\usr\bin;C:\Python313\Scripts\;C:\Python313\;C:\Program Files\Eclipse Adoptium\jdk-17.0.15.6-hotspot\bin;C:\Python312\Scripts\;C:\Python312\;C:\Program Files (x86)\Common Files\Intel\Shared Libraries\redist\ia32\compiler;C:\Program Files (x86)\Common Files\Intel\Shared Libraries\redist\intel64\compiler;C:\Program Files\Microsoft MPI\Bin\;C:\Program Files (x86)\Common Files\Oracle\Java\javapath;C:\Program Files\Rockwell Software\RSCommon;C:\WINDOWS\system32;C:\WINDOWS;C:\WINDOWS\System32\Wbem;C:\WINDOWS\System32\WindowsPowerShell\v1.0\;C:\WINDOWS\System32\OpenSSH\;C:\Program Files (x86)\Microsoft SQL Server\160\DTS\Binn\;C:\Program Files\Azure Data Studio\bin;C:\Program Files (x86)\Microsoft SQL Server\130\Tools\Binn\;C:\Program Files\Microsoft SQL Server\130\Tools\Binn\;C:\Program Files (x86)\Microsoft SQL Server\130\DTS\Binn\;C:\Program Files\Microsoft SQL Server\130\DTS\Binn\;C:\Program Files\Microsoft SQL Server\Client SDK\ODBC\130\Tools\Binn\;C:\ProgramData\chocolatey\bin;C:\Program Files\PuTTY\;C:\Program Files\dotnet\;C:\Program Files\Git\cmd;C:\ProgramData\chocolatey\lib\maven\apache-maven-3.9.9\bin;C:\Users\Bobi\AppData\Roaming\nvm;C:\Program Files\nodejs;C:\Program Files\PostgreSQL\17\bin;C:\Program Files\Docker\Docker\resources\bin;C:\Program Files\nodejs\;C:\Program Files\GitHub CLI\;C:\Users\Bobi\AppData\Local\Programs\Python\Python311\Scripts\;C:\Users\Bobi\AppData\Local\Programs\Python\Python311\;C:\Users\Bobi\.cargo\bin;G:\Ruby32-x64\bin;C:\ProgramData\rvm\wrapper;C:\Program Files\MySQL\MySQL Shell 8.0\bin\;C:\Ruby32-x64\bin;C:\Users\Bobi\AppData\Local\Microsoft\WindowsApps;C:\Users\Bobi\AppData\Local\Programs\Microsoft VS Code\bin;C:\Users\Bobi\AppData\Roaming\TinyTeX\bin\win32;H:\HashTag\Aulas_ernani_todas\php-8.2.6-nts-Win32-vs16-x64;C:\Users\Bobi\Desktop\php-8.2.6-nts-Win32-vs16-x64(1);C:\Program Files\Azure Data Studio\bin;C:\Users\Bobi\AppData\Local\Programs\cursor\resources\app\bin;C:\Users\Bobi\AppData\Local\Programs\Windsurf\bin;C:\Program Files\PostgreSQL\17\bin;C:\Users\Bobi\AppData\Local\Microsoft\WinGet\Packages\Schniz.fnm_Microsoft.Winget.Source_8wekyb3d8bbwe;C:\Users\Bobi\AppData\Roaming\fnm;C:\Users\Bobi\AppData\Roaming\fnm;C:\Users\Bobi\AppData\Roaming\nvm;C:\Program Files\nodejs;C:\Users\Bobi\AppData\Local\reflex\bun\bin;C:\Users\Bobi\AppData\Roaming\npm;c:\Users\Bobi\AppData\Roaming\Code\User\globalStorage\github.copilot-chat\debugCommand;C:\Users\Bobi\.local\share\gem\ruby\3.2.0\bin" "gcc -o conftest.exe -IG:/Ruby32-x64/include/ruby-3.2.0/x64-mingw-ucrt -IG:/Ruby32-x64/include/ruby-3.2.0/ruby/backward -IG:/Ruby32-x64/include/ruby-3.2.0 -I. -D__USE_MINGW_ANSI_STDIO=1 -DFD_SETSIZE=2048 -D_WIN32_WINNT=0x0600 -D__MINGW_USE_VC2005_COMPAT -D_FILE_OFFSET_BITS=64  -O3 -fno-fast-math -fstack-protector-strong conftest.c  -L. -LG:/Ruby32-x64/lib -L. -pipe -s -fstack-protector-strong -Wl,--no-as-needed  -m64   -lx64-ucrt-ruby320  -lshell32 -lws2_32 -liphlpapi -limagehlp -lshlwapi -lbcrypt  "
conftest.c: In function 't':
conftest.c:18:57: error: 'fdatasync' undeclared (first use in this function)
   18 | int t(void) { void ((*volatile p)()); p = (void ((*)()))fdatasync; return !p; }
      |                                                         ^~~~~~~~~
conftest.c:18:57: note: each undeclared identifier is reported only once for each function it appears in
checked program was:
/* begin */
 1: #include "ruby.h"
 2: 
 3: #include <winsock2.h>
 4: #include <windows.h>
 5: #include <unistd.h>
 6: 
 7: /*top*/
 8: extern int t(void);
 9: int main(int argc, char **argv)
10: {
11:   if (argc > 1000000) {
12:     int (* volatile tp)(void)=(int (*)(void))&t;
13:     printf("%d", (*tp)());
14:   }
15: 
16:   return !!argv[argc];
17: }
18: int t(void) { void ((*volatile p)()); p = (void ((*)()))fdatasync; return !p; }
/* end */

PATH=".;G:/Ruby32-x64/lib;G:\Ruby32-x64\bin;G:\Ruby32-x64\msys64\ucrt64\bin;G:\Ruby32-x64\msys64\usr\bin;C:\Python313\Scripts\;C:\Python313\;C:\Program Files\Eclipse Adoptium\jdk-17.0.15.6-hotspot\bin;C:\Python312\Scripts\;C:\Python312\;C:\Program Files (x86)\Common Files\Intel\Shared Libraries\redist\ia32\compiler;C:\Program Files (x86)\Common Files\Intel\Shared Libraries\redist\intel64\compiler;C:\Program Files\Microsoft MPI\Bin\;C:\Program Files (x86)\Common Files\Oracle\Java\javapath;C:\Program Files\Rockwell Software\RSCommon;C:\WINDOWS\system32;C:\WINDOWS;C:\WINDOWS\System32\Wbem;C:\WINDOWS\System32\WindowsPowerShell\v1.0\;C:\WINDOWS\System32\OpenSSH\;C:\Program Files (x86)\Microsoft SQL Server\160\DTS\Binn\;C:\Program Files\Azure Data Studio\bin;C:\Program Files (x86)\Microsoft SQL Server\130\Tools\Binn\;C:\Program Files\Microsoft SQL Server\130\Tools\Binn\;C:\Program Files (x86)\Microsoft SQL Server\130\DTS\Binn\;C:\Program Files\Microsoft SQL Server\130\DTS\Binn\;C:\Program Files\Microsoft SQL Server\Client SDK\ODBC\130\Tools\Binn\;C:\ProgramData\chocolatey\bin;C:\Program Files\PuTTY\;C:\Program Files\dotnet\;C:\Program Files\Git\cmd;C:\ProgramData\chocolatey\lib\maven\apache-maven-3.9.9\bin;C:\Users\Bobi\AppData\Roaming\nvm;C:\Program Files\nodejs;C:\Program Files\PostgreSQL\17\bin;C:\Program Files\Docker\Docker\resources\bin;C:\Program Files\nodejs\;C:\Program Files\GitHub CLI\;C:\Users\Bobi\AppData\Local\Programs\Python\Python311\Scripts\;C:\Users\Bobi\AppData\Local\Programs\Python\Python311\;C:\Users\Bobi\.cargo\bin;G:\Ruby32-x64\bin;C:\ProgramData\rvm\wrapper;C:\Program Files\MySQL\MySQL Shell 8.0\bin\;C:\Ruby32-x64\bin;C:\Users\Bobi\AppData\Local\Microsoft\WindowsApps;C:\Users\Bobi\AppData\Local\Programs\Microsoft VS Code\bin;C:\Users\Bobi\AppData\Roaming\TinyTeX\bin\win32;H:\HashTag\Aulas_ernani_todas\php-8.2.6-nts-Win32-vs16-x64;C:\Users\Bobi\Desktop\php-8.2.6-nts-Win32-vs16-x64(1);C:\Program Files\Azure Data Studio\bin;C:\Users\Bobi\AppData\Local\Programs\cursor\resources\app\bin;C:\Users\Bobi\AppData\Local\Programs\Windsurf\bin;C:\Program Files\PostgreSQL\17\bin;C:\Users\Bobi\AppData\Local\Microsoft\WinGet\Packages\Schniz.fnm_Microsoft.Winget.Source_8wekyb3d8bbwe;C:\Users\Bobi\AppData\Roaming\fnm;C:\Users\Bobi\AppData\Roaming\fnm;C:\Users\Bobi\AppData\Roaming\nvm;C:\Program Files\nodejs;C:\Users\Bobi\AppData\Local\reflex\bun\bin;C:\Users\Bobi\AppData\Roaming\npm;c:\Users\Bobi\AppData\Roaming\Code\User\globalStorage\github.copilot-chat\debugCommand;C:\Users\Bobi\.local\share\gem\ruby\3.2.0\bin" "gcc -o conftest.exe -IG:/Ruby32-x64/include/ruby-3.2.0/x64-mingw-ucrt -IG:/Ruby32-x64/include/ruby-3.2.0/ruby/backward -IG:/Ruby32-x64/include/ruby-3.2.0 -I. -D__USE_MINGW_ANSI_STDIO=1 -DFD_SETSIZE=2048 -D_WIN32_WINNT=0x0600 -D__MINGW_USE_VC2005_COMPAT -D_FILE_OFFSET_BITS=64  -O3 -fno-fast-math -fstack-protector-strong conftest.c  -L. -LG:/Ruby32-x64/lib -L. -pipe -s -fstack-protector-strong -Wl,--no-as-needed  -m64   -lx64-ucrt-ruby320  -lshell32 -lws2_32 -liphlpapi -limagehlp -lshlwapi -lbcrypt  "
G:/Ruby32-x64/msys64/ucrt64/bin/../lib/gcc/x86_64-w64-mingw32/12.2.0/../../../../x86_64-w64-mingw32/bin/ld.exe: C:\Users\Bobi\AppData\Local\Temp\ccedwcYa.o:conftest.c:(.text+0x5): undefined reference to `fdatasync'
collect2.exe: error: ld returned 1 exit status
checked program was:
/* begin */
 1: #include "ruby.h"
 2: 
 3: #include <winsock2.h>
 4: #include <windows.h>
 5: #include <unistd.h>
 6: 
 7: /*top*/
 8: extern int t(void);
 9: int main(int argc, char **argv)
10: {
11:   if (argc > 1000000) {
12:     int (* volatile tp)(void)=(int (*)(void))&t;
13:     printf("%d", (*tp)());
14:   }
15: 
16:   return !!argv[argc];
17: }
18: extern void fdatasync();
19: int t(void) { fdatasync(); return 0; }
/* end */

--------------------

block in append_cflags: checking for whether -O3 is accepted as CFLAGS... -------------------- yes

PATH=".;G:/Ruby32-x64/lib;G:\Ruby32-x64\bin;G:\Ruby32-x64\msys64\ucrt64\bin;G:\Ruby32-x64\msys64\usr\bin;C:\Python313\Scripts\;C:\Python313\;C:\Program Files\Eclipse Adoptium\jdk-17.0.15.6-hotspot\bin;C:\Python312\Scripts\;C:\Python312\;C:\Program Files (x86)\Common Files\Intel\Shared Libraries\redist\ia32\compiler;C:\Program Files (x86)\Common Files\Intel\Shared Libraries\redist\intel64\compiler;C:\Program Files\Microsoft MPI\Bin\;C:\Program Files (x86)\Common Files\Oracle\Java\javapath;C:\Program Files\Rockwell Software\RSCommon;C:\WINDOWS\system32;C:\WINDOWS;C:\WINDOWS\System32\Wbem;C:\WINDOWS\System32\WindowsPowerShell\v1.0\;C:\WINDOWS\System32\OpenSSH\;C:\Program Files (x86)\Microsoft SQL Server\160\DTS\Binn\;C:\Program Files\Azure Data Studio\bin;C:\Program Files (x86)\Microsoft SQL Server\130\Tools\Binn\;C:\Program Files\Microsoft SQL Server\130\Tools\Binn\;C:\Program Files (x86)\Microsoft SQL Server\130\DTS\Binn\;C:\Program Files\Microsoft SQL Server\130\DTS\Binn\;C:\Program Files\Microsoft SQL Server\Client SDK\ODBC\130\Tools\Binn\;C:\ProgramData\chocolatey\bin;C:\Program Files\PuTTY\;C:\Program Files\dotnet\;C:\Program Files\Git\cmd;C:\ProgramData\chocolatey\lib\maven\apache-maven-3.9.9\bin;C:\Users\Bobi\AppData\Roaming\nvm;C:\Program Files\nodejs;C:\Program Files\PostgreSQL\17\bin;C:\Program Files\Docker\Docker\resources\bin;C:\Program Files\nodejs\;C:\Program Files\GitHub CLI\;C:\Users\Bobi\AppData\Local\Programs\Python\Python311\Scripts\;C:\Users\Bobi\AppData\Local\Programs\Python\Python311\;C:\Users\Bobi\.cargo\bin;G:\Ruby32-x64\bin;C:\ProgramData\rvm\wrapper;C:\Program Files\MySQL\MySQL Shell 8.0\bin\;C:\Ruby32-x64\bin;C:\Users\Bobi\AppData\Local\Microsoft\WindowsApps;C:\Users\Bobi\AppData\Local\Programs\Microsoft VS Code\bin;C:\Users\Bobi\AppData\Roaming\TinyTeX\bin\win32;H:\HashTag\Aulas_ernani_todas\php-8.2.6-nts-Win32-vs16-x64;C:\Users\Bobi\Desktop\php-8.2.6-nts-Win32-vs16-x64(1);C:\Program Files\Azure Data Studio\bin;C:\Users\Bobi\AppData\Local\Programs\cursor\resources\app\bin;C:\Users\Bobi\AppData\Local\Programs\Windsurf\bin;C:\Program Files\PostgreSQL\17\bin;C:\Users\Bobi\AppData\Local\Microsoft\WinGet\Packages\Schniz.fnm_Microsoft.Winget.Source_8wekyb3d8bbwe;C:\Users\Bobi\AppData\Roaming\fnm;C:\Users\Bobi\AppData\Roaming\fnm;C:\Users\Bobi\AppData\Roaming\nvm;C:\Program Files\nodejs;C:\Users\Bobi\AppData\Local\reflex\bun\bin;C:\Users\Bobi\AppData\Roaming\npm;c:\Users\Bobi\AppData\Roaming\Code\User\globalStorage\github.copilot-chat\debugCommand;C:\Users\Bobi\.local\share\gem\ruby\3.2.0\bin" "gcc -IG:/Ruby32-x64/include/ruby-3.2.0/x64-mingw-ucrt -IG:/Ruby32-x64/include/ruby-3.2.0/ruby/backward -IG:/Ruby32-x64/include/ruby-3.2.0 -I. -D__USE_MINGW_ANSI_STDIO=1 -DFD_SETSIZE=2048 -D_WIN32_WINNT=0x0600 -D__MINGW_USE_VC2005_COMPAT -D_FILE_OFFSET_BITS=64  -O3 -fno-fast-math -fstack-protector-strong -m64 -O3 -Werror -c conftest.c"
checked program was:
/* begin */
1: #include "ruby.h"
2: 
3: #include <winsock2.h>
4: #include <windows.h>
5: int main(int argc, char **argv)
6: {
7:   return !!argv[argc];
8: }
/* end */

--------------------

block in append_cflags: checking for whether -std=c99 is accepted as CFLAGS... -------------------- yes

PATH=".;G:/Ruby32-x64/lib;G:\Ruby32-x64\bin;G:\Ruby32-x64\msys64\ucrt64\bin;G:\Ruby32-x64\msys64\usr\bin;C:\Python313\Scripts\;C:\Python313\;C:\Program Files\Eclipse Adoptium\jdk-17.0.15.6-hotspot\bin;C:\Python312\Scripts\;C:\Python312\;C:\Program Files (x86)\Common Files\Intel\Shared Libraries\redist\ia32\compiler;C:\Program Files (x86)\Common Files\Intel\Shared Libraries\redist\intel64\compiler;C:\Program Files\Microsoft MPI\Bin\;C:\Program Files (x86)\Common Files\Oracle\Java\javapath;C:\Program Files\Rockwell Software\RSCommon;C:\WINDOWS\system32;C:\WINDOWS;C:\WINDOWS\System32\Wbem;C:\WINDOWS\System32\WindowsPowerShell\v1.0\;C:\WINDOWS\System32\OpenSSH\;C:\Program Files (x86)\Microsoft SQL Server\160\DTS\Binn\;C:\Program Files\Azure Data Studio\bin;C:\Program Files (x86)\Microsoft SQL Server\130\Tools\Binn\;C:\Program Files\Microsoft SQL Server\130\Tools\Binn\;C:\Program Files (x86)\Microsoft SQL Server\130\DTS\Binn\;C:\Program Files\Microsoft SQL Server\130\DTS\Binn\;C:\Program Files\Microsoft SQL Server\Client SDK\ODBC\130\Tools\Binn\;C:\ProgramData\chocolatey\bin;C:\Program Files\PuTTY\;C:\Program Files\dotnet\;C:\Program Files\Git\cmd;C:\ProgramData\chocolatey\lib\maven\apache-maven-3.9.9\bin;C:\Users\Bobi\AppData\Roaming\nvm;C:\Program Files\nodejs;C:\Program Files\PostgreSQL\17\bin;C:\Program Files\Docker\Docker\resources\bin;C:\Program Files\nodejs\;C:\Program Files\GitHub CLI\;C:\Users\Bobi\AppData\Local\Programs\Python\Python311\Scripts\;C:\Users\Bobi\AppData\Local\Programs\Python\Python311\;C:\Users\Bobi\.cargo\bin;G:\Ruby32-x64\bin;C:\ProgramData\rvm\wrapper;C:\Program Files\MySQL\MySQL Shell 8.0\bin\;C:\Ruby32-x64\bin;C:\Users\Bobi\AppData\Local\Microsoft\WindowsApps;C:\Users\Bobi\AppData\Local\Programs\Microsoft VS Code\bin;C:\Users\Bobi\AppData\Roaming\TinyTeX\bin\win32;H:\HashTag\Aulas_ernani_todas\php-8.2.6-nts-Win32-vs16-x64;C:\Users\Bobi\Desktop\php-8.2.6-nts-Win32-vs16-x64(1);C:\Program Files\Azure Data Studio\bin;C:\Users\Bobi\AppData\Local\Programs\cursor\resources\app\bin;C:\Users\Bobi\AppData\Local\Programs\Windsurf\bin;C:\Program Files\PostgreSQL\17\bin;C:\Users\Bobi\AppData\Local\Microsoft\WinGet\Packages\Schniz.fnm_Microsoft.Winget.Source_8wekyb3d8bbwe;C:\Users\Bobi\AppData\Roaming\fnm;C:\Users\Bobi\AppData\Roaming\fnm;C:\Users\Bobi\AppData\Roaming\nvm;C:\Program Files\nodejs;C:\Users\Bobi\AppData\Local\reflex\bun\bin;C:\Users\Bobi\AppData\Roaming\npm;c:\Users\Bobi\AppData\Roaming\Code\User\globalStorage\github.copilot-chat\debugCommand;C:\Users\Bobi\.local\share\gem\ruby\3.2.0\bin" "gcc -IG:/Ruby32-x64/include/ruby-3.2.0/x64-mingw-ucrt -IG:/Ruby32-x64/include/ruby-3.2.0/ruby/backward -IG:/Ruby32-x64/include/ruby-3.2.0 -I. -D__USE_MINGW_ANSI_STDIO=1 -DFD_SETSIZE=2048 -D_WIN32_WINNT=0x0600 -D__MINGW_USE_VC2005_COMPAT -D_FILE_OFFSET_BITS=64  -O3 -fno-fast-math -fstack-protector-strong -O3 -m64 -std=c99 -Werror -c conftest.c"
checked program was:
/* begin */
1: #include "ruby.h"
2: 
3: #include <winsock2.h>
4: #include <windows.h>
5: int main(int argc, char **argv)
6: {
7:   return !!argv[argc];
8: }
/* end */

--------------------

